   0.005 2025-12-21 03:15:56; Factorio 2.0.72 (build 84292, linux64, headless, space-age)
   0.023 Operating system: Linux (Ubuntu 24.04)
   0.023 Program arguments: "/mnt/c/Users/louis/Factorio/factorio-headless_linux_2.0.72/factorio/bin/x64/factorio" "--config" "/mnt/c/Users/louis/Code Projects/Factorio-Seed-Finder/data/140413005211328/config.ini" "--map-gen-seed" "0" "--map-gen-seed-max" "49998" "--map-gen-settings" "/mnt/c/Users/louis/Code Projects/Factorio-Seed-Finder/map-gen-settings.json" "--generate-map-preview" "/mnt/c/Users/louis/Code Projects/Factorio-Seed-Finder/previews/" "--map-preview-size" "320" "--map-preview-offset" "0,280" "--report-quantities" "iron-ore,copper-ore,coal,stone" "--mod-directory" "/mnt/c/Users/louis/Code Projects/Factorio-Seed-Finder/mods/regular-patches" 
   0.024 Config path: /mnt/c/Users/louis/Code Projects/Factorio-Seed-Finder/data/140413005211328/config.ini
   0.024 Read data path: /mnt/c/Users/louis/Factorio/factorio-headless_linux_2.0.72/factorio/data
   0.024 Write data path: /mnt/c/Users/louis/Code Projects/Factorio-Seed-Finder/data/140413005211328 [245325/953013MB]
   0.025 Binaries path: /mnt/c/Users/louis/Factorio/factorio-headless_linux_2.0.72/factorio/bin
   0.051 System info: [CPU: AMD Ryzen 7 7800X3D 8-Core Processor, 16 cores, RAM: 15542 MB]
   0.053 Environment: DISPLAY=:0 WAYLAND_DISPLAY=wayland-0 DESKTOP_SESSION=<unset> XDG_SESSION_DESKTOP=<unset> XDG_CURRENT_DESKTOP=<unset> SDL_VIDEODRIVER=<unset> __GL_FSAA_MODE=<unset> __GL_LOG_MAX_ANISO=<unset> __GL_SYNC_TO_VBLANK=<unset> __GL_SORT_FBCONFIGS=<unset> __GL_YIELD=<unset>
   0.087 Running in headless mode
   0.088 Audio is disabled
   0.146 Info ModManager.cpp:446: FeatureFlag expansion-shaders = false
   0.146 Info ModManager.cpp:446: FeatureFlag freezing = false
   0.146 Info ModManager.cpp:446: FeatureFlag quality = false
   0.146 Info ModManager.cpp:446: FeatureFlag rail-bridges = false
   0.146 Info ModManager.cpp:446: FeatureFlag segmented-units = false
   0.146 Info ModManager.cpp:446: FeatureFlag space-travel = false
   0.147 Info ModManager.cpp:446: FeatureFlag spoiling = false
   0.187 Loading mod core 0.0.0 (data.lua)
   0.251 Loading mod base 2.0.72 (data.lua)
   1.133 Received SIGINT, shutting down
   1.135 Received SIGTERM, shutting down
   1.284 Loading mod base 2.0.72 (data-updates.lua)
